# JRE version: Java(TM) SE Runtime Environment (8.0_381) (build 1.8.0_381-b09)
# Java VM: Java HotSpot(TM) 64-Bit Server VM (25.381-b09 mixed mode windows-amd64 compressed oops)
Heap:
 PSYoungGen      total 654848K, used 524346K [0x00000000d6f80000, 0x00000000ffe80000, 0x0000000100000000)
  eden space 640000K, 81% used [0x00000000d6f80000,0x00000000f6f68bf0,0x00000000fe080000)
  from space 14848K, 1% used [0x00000000ff000000,0x00000000ff025ca8,0x00000000ffe80000)
  to   space 15360K, 0% used [0x00000000fe080000,0x00000000fe080000,0x00000000fef80000)
 ParOldGen       total 84992K, used 19861K [0x0000000084e00000, 0x000000008a100000, 0x00000000d6f80000)
  object space 84992K, 23% used [0x0000000084e00000,0x0000000086165630,0x000000008a100000)
 Metaspace       used 11070K, capacity 11412K, committed 11648K, reserved 1058816K
  class space    used 1169K, capacity 1310K, committed 1408K, reserved 1048576K
GC Heap History (10 events):
Event: 2.573 GC heap before
{Heap before GC invocations=8 (full 0):
 PSYoungGen      total 143360K, used 127168K [0x00000000d6f80000, 0x00000000e8880000, 0x0000000100000000)
  eden space 126976K, 100% used [0x00000000d6f80000,0x00000000deb80000,0x00000000deb80000)
  from space 16384K, 1% used [0x00000000deb80000,0x00000000debb0000,0x00000000dfb80000)
  to   space 16896K, 0% used [0x00000000e7800000,0x00000000e7800000,0x00000000e8880000)
 ParOldGen       total 84992K, used 19605K [0x0000000084e00000, 0x000000008a100000, 0x00000000d6f80000)
  object space 84992K, 23% used [0x0000000084e00000,0x0000000086125600,0x000000008a100000)
 Metaspace       used 11008K, capacity 11348K, committed 11648K, reserved 1058816K
  class space    used 1166K, capacity 1310K, committed 1408K, reserved 1048576K
Event: 2.576 GC heap after
Heap after GC invocations=8 (full 0):
 PSYoungGen      total 270848K, used 128K [0x00000000d6f80000, 0x00000000e8880000, 0x0000000100000000)
  eden space 253952K, 0% used [0x00000000d6f80000,0x00000000d6f80000,0x00000000e6780000)
  from space 16896K, 0% used [0x00000000e7800000,0x00000000e7820000,0x00000000e8880000)
  to   space 16896K, 0% used [0x00000000e6780000,0x00000000e6780000,0x00000000e7800000)
 ParOldGen       total 84992K, used 19677K [0x0000000084e00000, 0x000000008a100000, 0x00000000d6f80000)
  object space 84992K, 23% used [0x0000000084e00000,0x0000000086137600,0x000000008a100000)
 Metaspace       used 11008K, capacity 11348K, committed 11648K, reserved 1058816K
  class space    used 1166K, capacity 1310K, committed 1408K, reserved 1048576K
}
Event: 3.510 GC heap before
{Heap before GC invocations=9 (full 0):
 PSYoungGen      total 270848K, used 254080K [0x00000000d6f80000, 0x00000000e8880000, 0x0000000100000000)
  eden space 253952K, 100% used [0x00000000d6f80000,0x00000000e6780000,0x00000000e6780000)
  from space 16896K, 0% used [0x00000000e7800000,0x00000000e7820000,0x00000000e8880000)
  to   space 16896K, 0% used [0x00000000e6780000,0x00000000e6780000,0x00000000e7800000)
 ParOldGen       total 84992K, used 19677K [0x0000000084e00000, 0x000000008a100000, 0x00000000d6f80000)
  object space 84992K, 23% used [0x0000000084e00000,0x0000000086137600,0x000000008a100000)
 Metaspace       used 11008K, capacity 11348K, committed 11648K, reserved 1058816K
  class space    used 1166K, capacity 1310K, committed 1408K, reserved 1048576K
Event: 3.517 GC heap after
Heap after GC invocations=9 (full 0):
 PSYoungGen      total 270848K, used 80K [0x00000000d6f80000, 0x00000000f1d80000, 0x0000000100000000)
  eden space 253952K, 0% used [0x00000000d6f80000,0x00000000d6f80000,0x00000000e6780000)
  from space 16896K, 0% used [0x00000000e6780000,0x00000000e6794010,0x00000000e7800000)
  to   space 16896K, 0% used [0x00000000f0d00000,0x00000000f0d00000,0x00000000f1d80000)
 ParOldGen       total 84992K, used 19693K [0x0000000084e00000, 0x000000008a100000, 0x00000000d6f80000)
  object space 84992K, 23% used [0x0000000084e00000,0x000000008613b600,0x000000008a100000)
 Metaspace       used 11008K, capacity 11348K, committed 11648K, reserved 1058816K
  class space    used 1166K, capacity 1310K, committed 1408K, reserved 1048576K
}
Event: 4.058 GC heap before
{Heap before GC invocations=10 (full 0):
 PSYoungGen      total 270848K, used 254032K [0x00000000d6f80000, 0x00000000f1d80000, 0x0000000100000000)
  eden space 253952K, 100% used [0x00000000d6f80000,0x00000000e6780000,0x00000000e6780000)
  from space 16896K, 0% used [0x00000000e6780000,0x00000000e6794010,0x00000000e7800000)
  to   space 16896K, 0% used [0x00000000f0d00000,0x00000000f0d00000,0x00000000f1d80000)
 ParOldGen       total 84992K, used 19693K [0x0000000084e00000, 0x000000008a100000, 0x00000000d6f80000)
  object space 84992K, 23% used [0x0000000084e00000,0x000000008613b600,0x000000008a100000)
 Metaspace       used 11008K, capacity 11348K, committed 11648K, reserved 1058816K
  class space    used 1166K, capacity 1310K, committed 1408K, reserved 1048576K
Event: 4.060 GC heap after
Heap after GC invocations=10 (full 0):
 PSYoungGen      total 422400K, used 64K [0x00000000d6f80000, 0x00000000f1c80000, 0x0000000100000000)
  eden space 406528K, 0% used [0x00000000d6f80000,0x00000000d6f80000,0x00000000efc80000)
  from space 15872K, 0% used [0x00000000f0d00000,0x00000000f0d10000,0x00000000f1c80000)
  to   space 16384K, 0% used [0x00000000efc80000,0x00000000efc80000,0x00000000f0c80000)
 ParOldGen       total 84992K, used 19693K [0x0000000084e00000, 0x000000008a100000, 0x00000000d6f80000)
  object space 84992K, 23% used [0x0000000084e00000,0x000000008613b600,0x000000008a100000)
 Metaspace       used 11008K, capacity 11348K, committed 11648K, reserved 1058816K
  class space    used 1166K, capacity 1310K, committed 1408K, reserved 1048576K
}
Event: 8.592 GC heap before
{Heap before GC invocations=11 (full 0):
 PSYoungGen      total 422400K, used 406592K [0x00000000d6f80000, 0x00000000f1c80000, 0x0000000100000000)
  eden space 406528K, 100% used [0x00000000d6f80000,0x00000000efc80000,0x00000000efc80000)
  from space 15872K, 0% used [0x00000000f0d00000,0x00000000f0d10000,0x00000000f1c80000)
  to   space 16384K, 0% used [0x00000000efc80000,0x00000000efc80000,0x00000000f0c80000)
 ParOldGen       total 84992K, used 19693K [0x0000000084e00000, 0x000000008a100000, 0x00000000d6f80000)
  object space 84992K, 23% used [0x0000000084e00000,0x000000008613b600,0x000000008a100000)
 Metaspace       used 11059K, capacity 11412K, committed 11648K, reserved 1058816K
  class space    used 1168K, capacity 1310K, committed 1408K, reserved 1048576K
Event: 8.624 GC heap after
Heap after GC invocations=11 (full 0):
 PSYoungGen      total 422912K, used 288K [0x00000000d6f80000, 0x00000000fff80000, 0x0000000100000000)
  eden space 406528K, 0% used [0x00000000d6f80000,0x00000000d6f80000,0x00000000efc80000)
  from space 16384K, 1% used [0x00000000efc80000,0x00000000efcc8000,0x00000000f0c80000)
  to   space 15872K, 0% used [0x00000000ff000000,0x00000000ff000000,0x00000000fff80000)
 ParOldGen       total 84992K, used 19765K [0x0000000084e00000, 0x000000008a100000, 0x00000000d6f80000)
  object space 84992K, 23% used [0x0000000084e00000,0x000000008614d610,0x000000008a100000)
 Metaspace       used 11059K, capacity 11412K, committed 11648K, reserved 1058816K
  class space    used 1168K, capacity 1310K, committed 1408K, reserved 1048576K
}
Event: 12.672 GC heap before
{Heap before GC invocations=12 (full 0):
 PSYoungGen      total 422912K, used 406816K [0x00000000d6f80000, 0x00000000fff80000, 0x0000000100000000)
  eden space 406528K, 100% used [0x00000000d6f80000,0x00000000efc80000,0x00000000efc80000)
  from space 16384K, 1% used [0x00000000efc80000,0x00000000efcc8000,0x00000000f0c80000)
  to   space 15872K, 0% used [0x00000000ff000000,0x00000000ff000000,0x00000000fff80000)
 ParOldGen       total 84992K, used 19765K [0x0000000084e00000, 0x000000008a100000, 0x00000000d6f80000)
  object space 84992K, 23% used [0x0000000084e00000,0x000000008614d610,0x000000008a100000)
 Metaspace       used 11070K, capacity 11412K, committed 11648K, reserved 1058816K
  class space    used 1169K, capacity 1310K, committed 1408K, reserved 1048576K
Event: 12.683 GC heap after
Heap after GC invocations=12 (full 0):
 PSYoungGen      total 654848K, used 151K [0x00000000d6f80000, 0x00000000ffe80000, 0x0000000100000000)
  eden space 640000K, 0% used [0x00000000d6f80000,0x00000000d6f80000,0x00000000fe080000)
  from space 14848K, 1% used [0x00000000ff000000,0x00000000ff025ca8,0x00000000ffe80000)
  to   space 15360K, 0% used [0x00000000fe080000,0x00000000fe080000,0x00000000fef80000)
 ParOldGen       total 84992K, used 19861K [0x0000000084e00000, 0x000000008a100000, 0x00000000d6f80000)
  object space 84992K, 23% used [0x0000000084e00000,0x0000000086165630,0x000000008a100000)
 Metaspace       used 11070K, capacity 11412K, committed 11648K, reserved 1058816K
  class space    used 1169K, capacity 1310K, committed 1408K, reserved 1048576K
}

